{"/home/andrew/workspace/F1ian/client/api.js": {"path":"/home/andrew/workspace/F1ian/client/api.js","statementMap":{"0":{"start":{"line":4,"column":2},"end":{"line":8,"column":6}},"1":{"start":{"line":7,"column":6},"end":{"line":7,"column":46}},"2":{"start":{"line":12,"column":2},"end":{"line":16,"column":6}},"3":{"start":{"line":15,"column":6},"end":{"line":15,"column":46}},"4":{"start":{"line":20,"column":2},"end":{"line":24,"column":6}},"5":{"start":{"line":23,"column":6},"end":{"line":23,"column":46}},"6":{"start":{"line":28,"column":2},"end":{"line":32,"column":6}},"7":{"start":{"line":31,"column":6},"end":{"line":31,"column":46}},"8":{"start":{"line":36,"column":2},"end":{"line":40,"column":6}},"9":{"start":{"line":39,"column":6},"end":{"line":39,"column":46}},"10":{"start":{"line":44,"column":2},"end":{"line":48,"column":6}},"11":{"start":{"line":47,"column":6},"end":{"line":47,"column":46}},"12":{"start":{"line":52,"column":2},"end":{"line":56,"column":6}},"13":{"start":{"line":55,"column":6},"end":{"line":55,"column":46}},"14":{"start":{"line":60,"column":2},"end":{"line":64,"column":6}},"15":{"start":{"line":63,"column":6},"end":{"line":63,"column":46}}},"fnMap":{"0":{"name":"getSeasons","decl":{"start":{"line":3,"column":16},"end":{"line":3,"column":26}},"loc":{"start":{"line":3,"column":37},"end":{"line":9,"column":1}},"line":3},"1":{"name":"(anonymous_1)","decl":{"start":{"line":6,"column":9},"end":{"line":6,"column":10}},"loc":{"start":{"line":6,"column":23},"end":{"line":8,"column":5}},"line":6},"2":{"name":"getCircuits","decl":{"start":{"line":11,"column":16},"end":{"line":11,"column":27}},"loc":{"start":{"line":11,"column":38},"end":{"line":17,"column":1}},"line":11},"3":{"name":"(anonymous_3)","decl":{"start":{"line":14,"column":9},"end":{"line":14,"column":10}},"loc":{"start":{"line":14,"column":23},"end":{"line":16,"column":5}},"line":14},"4":{"name":"getRaces","decl":{"start":{"line":19,"column":16},"end":{"line":19,"column":24}},"loc":{"start":{"line":19,"column":39},"end":{"line":25,"column":1}},"line":19},"5":{"name":"(anonymous_5)","decl":{"start":{"line":22,"column":9},"end":{"line":22,"column":10}},"loc":{"start":{"line":22,"column":23},"end":{"line":24,"column":5}},"line":22},"6":{"name":"getQuali","decl":{"start":{"line":27,"column":16},"end":{"line":27,"column":24}},"loc":{"start":{"line":27,"column":53},"end":{"line":33,"column":1}},"line":27},"7":{"name":"(anonymous_7)","decl":{"start":{"line":30,"column":9},"end":{"line":30,"column":10}},"loc":{"start":{"line":30,"column":23},"end":{"line":32,"column":5}},"line":30},"8":{"name":"getGrid","decl":{"start":{"line":35,"column":16},"end":{"line":35,"column":23}},"loc":{"start":{"line":35,"column":52},"end":{"line":41,"column":1}},"line":35},"9":{"name":"(anonymous_9)","decl":{"start":{"line":38,"column":9},"end":{"line":38,"column":10}},"loc":{"start":{"line":38,"column":23},"end":{"line":40,"column":5}},"line":38},"10":{"name":"getVisData","decl":{"start":{"line":43,"column":16},"end":{"line":43,"column":26}},"loc":{"start":{"line":43,"column":55},"end":{"line":49,"column":1}},"line":43},"11":{"name":"(anonymous_11)","decl":{"start":{"line":46,"column":9},"end":{"line":46,"column":10}},"loc":{"start":{"line":46,"column":23},"end":{"line":48,"column":5}},"line":46},"12":{"name":"getRaceDetails","decl":{"start":{"line":51,"column":16},"end":{"line":51,"column":30}},"loc":{"start":{"line":51,"column":59},"end":{"line":57,"column":1}},"line":51},"13":{"name":"(anonymous_13)","decl":{"start":{"line":54,"column":9},"end":{"line":54,"column":10}},"loc":{"start":{"line":54,"column":23},"end":{"line":56,"column":5}},"line":54},"14":{"name":"getRaceResults","decl":{"start":{"line":59,"column":16},"end":{"line":59,"column":30}},"loc":{"start":{"line":59,"column":59},"end":{"line":65,"column":1}},"line":59},"15":{"name":"(anonymous_15)","decl":{"start":{"line":62,"column":9},"end":{"line":62,"column":10}},"loc":{"start":{"line":62,"column":23},"end":{"line":64,"column":5}},"line":62}},"branchMap":{"0":{"loc":{"start":{"line":7,"column":6},"end":{"line":7,"column":46}},"type":"cond-expr","locations":[{"start":{"line":7,"column":12},"end":{"line":7,"column":25}},{"start":{"line":7,"column":28},"end":{"line":7,"column":46}}],"line":7},"1":{"loc":{"start":{"line":15,"column":6},"end":{"line":15,"column":46}},"type":"cond-expr","locations":[{"start":{"line":15,"column":12},"end":{"line":15,"column":25}},{"start":{"line":15,"column":28},"end":{"line":15,"column":46}}],"line":15},"2":{"loc":{"start":{"line":23,"column":6},"end":{"line":23,"column":46}},"type":"cond-expr","locations":[{"start":{"line":23,"column":12},"end":{"line":23,"column":25}},{"start":{"line":23,"column":28},"end":{"line":23,"column":46}}],"line":23},"3":{"loc":{"start":{"line":31,"column":6},"end":{"line":31,"column":46}},"type":"cond-expr","locations":[{"start":{"line":31,"column":12},"end":{"line":31,"column":25}},{"start":{"line":31,"column":28},"end":{"line":31,"column":46}}],"line":31},"4":{"loc":{"start":{"line":39,"column":6},"end":{"line":39,"column":46}},"type":"cond-expr","locations":[{"start":{"line":39,"column":12},"end":{"line":39,"column":25}},{"start":{"line":39,"column":28},"end":{"line":39,"column":46}}],"line":39},"5":{"loc":{"start":{"line":47,"column":6},"end":{"line":47,"column":46}},"type":"cond-expr","locations":[{"start":{"line":47,"column":12},"end":{"line":47,"column":25}},{"start":{"line":47,"column":28},"end":{"line":47,"column":46}}],"line":47},"6":{"loc":{"start":{"line":55,"column":6},"end":{"line":55,"column":46}},"type":"cond-expr","locations":[{"start":{"line":55,"column":12},"end":{"line":55,"column":25}},{"start":{"line":55,"column":28},"end":{"line":55,"column":46}}],"line":55},"7":{"loc":{"start":{"line":63,"column":6},"end":{"line":63,"column":46}},"type":"cond-expr","locations":[{"start":{"line":63,"column":12},"end":{"line":63,"column":25}},{"start":{"line":63,"column":28},"end":{"line":63,"column":46}}],"line":63}},"s":{"0":0,"1":0,"2":1,"3":1,"4":1,"5":0,"6":0,"7":0,"8":0,"9":0,"10":0,"11":0,"12":0,"13":0,"14":0,"15":0},"f":{"0":0,"1":0,"2":1,"3":1,"4":1,"5":0,"6":0,"7":0,"8":0,"9":0,"10":0,"11":0,"12":0,"13":0,"14":0,"15":0},"b":{"0":[0,0],"1":[1,0],"2":[0,0],"3":[0,0],"4":[0,0],"5":[0,0],"6":[0,0],"7":[0,0]},"_coverageSchema":"332fd63041d2c1bcb487cc26dd0d5f7d97098a6c","hash":"0da843d1d73fd548a99944c8984ff1986a910d37"}
,"/home/andrew/workspace/F1ian/client/components/App.jsx": {"path":"/home/andrew/workspace/F1ian/client/components/App.jsx","statementMap":{"0":{"start":{"line":15,"column":4},"end":{"line":15,"column":16}},"1":{"start":{"line":19,"column":4},"end":{"line":32,"column":5}}},"fnMap":{"0":{"name":"(anonymous_0)","decl":{"start":{"line":14,"column":2},"end":{"line":14,"column":3}},"loc":{"start":{"line":14,"column":21},"end":{"line":16,"column":3}},"line":14},"1":{"name":"(anonymous_1)","decl":{"start":{"line":18,"column":2},"end":{"line":18,"column":3}},"loc":{"start":{"line":18,"column":11},"end":{"line":33,"column":3}},"line":18}},"branchMap":{},"s":{"0":1,"1":1},"f":{"0":1,"1":1},"b":{},"_coverageSchema":"332fd63041d2c1bcb487cc26dd0d5f7d97098a6c","hash":"672649440b3f2a61d6379457add332154fab551e"}
,"/home/andrew/workspace/F1ian/client/components/Circuits.jsx": {"path":"/home/andrew/workspace/F1ian/client/components/Circuits.jsx","statementMap":{"0":{"start":{"line":7,"column":4},"end":{"line":7,"column":11}},"1":{"start":{"line":8,"column":4},"end":{"line":10,"column":5}},"2":{"start":{"line":14,"column":4},"end":{"line":16,"column":6}},"3":{"start":{"line":15,"column":6},"end":{"line":15,"column":31}},"4":{"start":{"line":20,"column":19},"end":{"line":20,"column":42}},"5":{"start":{"line":21,"column":4},"end":{"line":30,"column":6}},"6":{"start":{"line":22,"column":6},"end":{"line":29,"column":7}},"7":{"start":{"line":34,"column":4},"end":{"line":52,"column":5}}},"fnMap":{"0":{"name":"(anonymous_0)","decl":{"start":{"line":6,"column":2},"end":{"line":6,"column":3}},"loc":{"start":{"line":6,"column":16},"end":{"line":11,"column":3}},"line":6},"1":{"name":"(anonymous_1)","decl":{"start":{"line":13,"column":2},"end":{"line":13,"column":3}},"loc":{"start":{"line":13,"column":23},"end":{"line":17,"column":3}},"line":13},"2":{"name":"(anonymous_2)","decl":{"start":{"line":14,"column":20},"end":{"line":14,"column":21}},"loc":{"start":{"line":14,"column":34},"end":{"line":16,"column":5}},"line":14},"3":{"name":"(anonymous_3)","decl":{"start":{"line":19,"column":2},"end":{"line":19,"column":3}},"loc":{"start":{"line":19,"column":28},"end":{"line":31,"column":3}},"line":19},"4":{"name":"(anonymous_4)","decl":{"start":{"line":21,"column":24},"end":{"line":21,"column":25}},"loc":{"start":{"line":21,"column":35},"end":{"line":30,"column":5}},"line":21},"5":{"name":"(anonymous_5)","decl":{"start":{"line":33,"column":2},"end":{"line":33,"column":3}},"loc":{"start":{"line":33,"column":11},"end":{"line":53,"column":3}},"line":33}},"branchMap":{"0":{"loc":{"start":{"line":48,"column":13},"end":{"line":48,"column":104}},"type":"cond-expr","locations":[{"start":{"line":48,"column":35},"end":{"line":48,"column":73}},{"start":{"line":48,"column":76},"end":{"line":48,"column":104}}],"line":48}},"s":{"0":1,"1":1,"2":1,"3":1,"4":5,"5":5,"6":8,"7":6},"f":{"0":1,"1":1,"2":1,"3":5,"4":8,"5":6},"b":{"0":[5,1]},"_coverageSchema":"332fd63041d2c1bcb487cc26dd0d5f7d97098a6c","hash":"d78b786b1ad522151dc8305c14d6ba922994f724"}
,"/home/andrew/workspace/F1ian/client/components/FullSeason.jsx": {"path":"/home/andrew/workspace/F1ian/client/components/FullSeason.jsx","statementMap":{"0":{"start":{"line":8,"column":4},"end":{"line":8,"column":16}},"1":{"start":{"line":9,"column":4},"end":{"line":11,"column":5}},"2":{"start":{"line":15,"column":19},"end":{"line":15,"column":47}},"3":{"start":{"line":16,"column":20},"end":{"line":16,"column":39}},"4":{"start":{"line":17,"column":21},"end":{"line":17,"column":33}},"5":{"start":{"line":18,"column":4},"end":{"line":20,"column":6}},"6":{"start":{"line":19,"column":6},"end":{"line":19,"column":28}},"7":{"start":{"line":24,"column":25},"end":{"line":26,"column":5}},"8":{"start":{"line":27,"column":4},"end":{"line":33,"column":6}},"9":{"start":{"line":28,"column":6},"end":{"line":32,"column":7}},"10":{"start":{"line":37,"column":24},"end":{"line":37,"column":40}},"11":{"start":{"line":38,"column":4},"end":{"line":49,"column":5}},"12":{"start":{"line":39,"column":6},"end":{"line":44,"column":7}},"13":{"start":{"line":46,"column":6},"end":{"line":48,"column":7}}},"fnMap":{"0":{"name":"(anonymous_0)","decl":{"start":{"line":7,"column":2},"end":{"line":7,"column":3}},"loc":{"start":{"line":7,"column":21},"end":{"line":12,"column":3}},"line":7},"1":{"name":"(anonymous_1)","decl":{"start":{"line":14,"column":2},"end":{"line":14,"column":3}},"loc":{"start":{"line":14,"column":23},"end":{"line":21,"column":3}},"line":14},"2":{"name":"(anonymous_2)","decl":{"start":{"line":18,"column":29},"end":{"line":18,"column":30}},"loc":{"start":{"line":18,"column":40},"end":{"line":20,"column":5}},"line":18},"3":{"name":"(anonymous_3)","decl":{"start":{"line":23,"column":2},"end":{"line":23,"column":3}},"loc":{"start":{"line":23,"column":19},"end":{"line":34,"column":3}},"line":23},"4":{"name":"(anonymous_4)","decl":{"start":{"line":27,"column":21},"end":{"line":27,"column":22}},"loc":{"start":{"line":27,"column":31},"end":{"line":33,"column":5}},"line":27},"5":{"name":"(anonymous_5)","decl":{"start":{"line":36,"column":2},"end":{"line":36,"column":3}},"loc":{"start":{"line":36,"column":11},"end":{"line":50,"column":3}},"line":36}},"branchMap":{"0":{"loc":{"start":{"line":38,"column":4},"end":{"line":49,"column":5}},"type":"if","locations":[{"start":{"line":38,"column":4},"end":{"line":49,"column":5}},{"start":{"line":38,"column":4},"end":{"line":49,"column":5}}],"line":38},"1":{"loc":{"start":{"line":38,"column":8},"end":{"line":38,"column":58}},"type":"binary-expr","locations":[{"start":{"line":38,"column":8},"end":{"line":38,"column":30}},{"start":{"line":38,"column":34},"end":{"line":38,"column":58}}],"line":38}},"s":{"0":1,"1":1,"2":1,"3":1,"4":1,"5":1,"6":0,"7":0,"8":0,"9":0,"10":1,"11":1,"12":0,"13":1},"f":{"0":1,"1":1,"2":0,"3":0,"4":0,"5":1},"b":{"0":[0,1],"1":[1,0]},"_coverageSchema":"332fd63041d2c1bcb487cc26dd0d5f7d97098a6c","hash":"664b1afb245ea5691e30d0083ec0702f8e1a18aa"}
,"/home/andrew/workspace/F1ian/client/components/Grid.jsx": {"path":"/home/andrew/workspace/F1ian/client/components/Grid.jsx","statementMap":{"0":{"start":{"line":8,"column":4},"end":{"line":9,"column":19}},"1":{"start":{"line":14,"column":4},"end":{"line":22,"column":5}},"2":{"start":{"line":15,"column":6},"end":{"line":15,"column":32}},"3":{"start":{"line":16,"column":6},"end":{"line":16,"column":32}},"4":{"start":{"line":18,"column":21},"end":{"line":18,"column":49}},"5":{"start":{"line":19,"column":22},"end":{"line":19,"column":41}},"6":{"start":{"line":20,"column":6},"end":{"line":20,"column":27}},"7":{"start":{"line":21,"column":6},"end":{"line":21,"column":27}},"8":{"start":{"line":23,"column":4},"end":{"line":25,"column":6}},"9":{"start":{"line":24,"column":6},"end":{"line":24,"column":27}},"10":{"start":{"line":29,"column":4},"end":{"line":37,"column":6}},"11":{"start":{"line":30,"column":6},"end":{"line":36,"column":7}},"12":{"start":{"line":41,"column":4},"end":{"line":63,"column":5}},"13":{"start":{"line":42,"column":17},"end":{"line":42,"column":41}},"14":{"start":{"line":43,"column":6},"end":{"line":60,"column":7}},"15":{"start":{"line":62,"column":6},"end":{"line":62,"column":24}}},"fnMap":{"0":{"name":"(anonymous_0)","decl":{"start":{"line":7,"column":2},"end":{"line":7,"column":3}},"loc":{"start":{"line":7,"column":16},"end":{"line":10,"column":3}},"line":7},"1":{"name":"(anonymous_1)","decl":{"start":{"line":12,"column":2},"end":{"line":12,"column":3}},"loc":{"start":{"line":12,"column":23},"end":{"line":26,"column":3}},"line":12},"2":{"name":"(anonymous_2)","decl":{"start":{"line":23,"column":32},"end":{"line":23,"column":33}},"loc":{"start":{"line":23,"column":42},"end":{"line":25,"column":5}},"line":23},"3":{"name":"(anonymous_3)","decl":{"start":{"line":28,"column":2},"end":{"line":28,"column":3}},"loc":{"start":{"line":28,"column":21},"end":{"line":38,"column":3}},"line":28},"4":{"name":"(anonymous_4)","decl":{"start":{"line":29,"column":24},"end":{"line":29,"column":25}},"loc":{"start":{"line":29,"column":36},"end":{"line":37,"column":5}},"line":29},"5":{"name":"(anonymous_5)","decl":{"start":{"line":40,"column":2},"end":{"line":40,"column":3}},"loc":{"start":{"line":40,"column":11},"end":{"line":64,"column":3}},"line":40}},"branchMap":{"0":{"loc":{"start":{"line":14,"column":4},"end":{"line":22,"column":5}},"type":"if","locations":[{"start":{"line":14,"column":4},"end":{"line":22,"column":5}},{"start":{"line":14,"column":4},"end":{"line":22,"column":5}}],"line":14},"1":{"loc":{"start":{"line":41,"column":4},"end":{"line":63,"column":5}},"type":"if","locations":[{"start":{"line":41,"column":4},"end":{"line":63,"column":5}},{"start":{"line":41,"column":4},"end":{"line":63,"column":5}}],"line":41}},"s":{"0":0,"1":0,"2":0,"3":0,"4":0,"5":0,"6":0,"7":0,"8":0,"9":0,"10":0,"11":0,"12":0,"13":0,"14":0,"15":0},"f":{"0":0,"1":0,"2":0,"3":0,"4":0,"5":0},"b":{"0":[0,0],"1":[0,0]},"_coverageSchema":"332fd63041d2c1bcb487cc26dd0d5f7d97098a6c","hash":"3fb493cdca7d00117c72d709df70a6bdc23adf8a"}
,"/home/andrew/workspace/F1ian/client/components/Header.jsx": {"path":"/home/andrew/workspace/F1ian/client/components/Header.jsx","statementMap":{"0":{"start":{"line":3,"column":15},"end":{"line":20,"column":1}},"1":{"start":{"line":4,"column":13},"end":{"line":4,"column":57}},"2":{"start":{"line":7,"column":2},"end":{"line":9,"column":3}},"3":{"start":{"line":8,"column":4},"end":{"line":8,"column":38}},"4":{"start":{"line":11,"column":2},"end":{"line":19,"column":3}},"5":{"start":{"line":22,"column":0},"end":{"line":22,"column":23}}},"fnMap":{"0":{"name":"(anonymous_0)","decl":{"start":{"line":3,"column":15},"end":{"line":3,"column":16}},"loc":{"start":{"line":3,"column":26},"end":{"line":20,"column":1}},"line":3}},"branchMap":{"0":{"loc":{"start":{"line":7,"column":2},"end":{"line":9,"column":3}},"type":"if","locations":[{"start":{"line":7,"column":2},"end":{"line":9,"column":3}},{"start":{"line":7,"column":2},"end":{"line":9,"column":3}}],"line":7},"1":{"loc":{"start":{"line":14,"column":11},"end":{"line":14,"column":93}},"type":"cond-expr","locations":[{"start":{"line":14,"column":23},"end":{"line":14,"column":86}},{"start":{"line":14,"column":89},"end":{"line":14,"column":93}}],"line":14}},"s":{"0":2,"1":1,"2":1,"3":0,"4":1,"5":2},"f":{"0":1},"b":{"0":[0,1],"1":[0,1]},"_coverageSchema":"332fd63041d2c1bcb487cc26dd0d5f7d97098a6c","hash":"565f063887f947f4fb1c523cd01f8b53842cc56f"}
,"/home/andrew/workspace/F1ian/client/components/Home.jsx": {"path":"/home/andrew/workspace/F1ian/client/components/Home.jsx","statementMap":{"0":{"start":{"line":7,"column":4},"end":{"line":7,"column":11}},"1":{"start":{"line":8,"column":4},"end":{"line":10,"column":5}},"2":{"start":{"line":14,"column":4},"end":{"line":16,"column":6}},"3":{"start":{"line":15,"column":6},"end":{"line":15,"column":30}},"4":{"start":{"line":20,"column":4},"end":{"line":23,"column":6}},"5":{"start":{"line":21,"column":17},"end":{"line":21,"column":26}},"6":{"start":{"line":22,"column":6},"end":{"line":22,"column":92}},"7":{"start":{"line":27,"column":4},"end":{"line":41,"column":5}}},"fnMap":{"0":{"name":"(anonymous_0)","decl":{"start":{"line":6,"column":2},"end":{"line":6,"column":3}},"loc":{"start":{"line":6,"column":16},"end":{"line":11,"column":3}},"line":6},"1":{"name":"(anonymous_1)","decl":{"start":{"line":13,"column":2},"end":{"line":13,"column":3}},"loc":{"start":{"line":13,"column":23},"end":{"line":17,"column":3}},"line":13},"2":{"name":"(anonymous_2)","decl":{"start":{"line":14,"column":19},"end":{"line":14,"column":20}},"loc":{"start":{"line":14,"column":32},"end":{"line":16,"column":5}},"line":14},"3":{"name":"(anonymous_3)","decl":{"start":{"line":19,"column":2},"end":{"line":19,"column":3}},"loc":{"start":{"line":19,"column":23},"end":{"line":24,"column":3}},"line":19},"4":{"name":"(anonymous_4)","decl":{"start":{"line":20,"column":23},"end":{"line":20,"column":24}},"loc":{"start":{"line":20,"column":33},"end":{"line":23,"column":5}},"line":20},"5":{"name":"(anonymous_5)","decl":{"start":{"line":26,"column":2},"end":{"line":26,"column":3}},"loc":{"start":{"line":26,"column":11},"end":{"line":42,"column":3}},"line":26}},"branchMap":{"0":{"loc":{"start":{"line":32,"column":15},"end":{"line":32,"column":145}},"type":"cond-expr","locations":[{"start":{"line":32,"column":36},"end":{"line":32,"column":72}},{"start":{"line":32,"column":75},"end":{"line":32,"column":145}}],"line":32}},"s":{"0":0,"1":0,"2":0,"3":0,"4":0,"5":0,"6":0,"7":0},"f":{"0":0,"1":0,"2":0,"3":0,"4":0,"5":0},"b":{"0":[0,0]},"_coverageSchema":"332fd63041d2c1bcb487cc26dd0d5f7d97098a6c","hash":"cc79d8be5c371d6933b436c6abb542d9ffa281a9"}
,"/home/andrew/workspace/F1ian/client/components/Quali.jsx": {"path":"/home/andrew/workspace/F1ian/client/components/Quali.jsx","statementMap":{"0":{"start":{"line":8,"column":4},"end":{"line":9,"column":19}},"1":{"start":{"line":13,"column":17},"end":{"line":13,"column":34}},"2":{"start":{"line":14,"column":17},"end":{"line":14,"column":34}},"3":{"start":{"line":15,"column":4},"end":{"line":17,"column":6}},"4":{"start":{"line":16,"column":6},"end":{"line":16,"column":37}},"5":{"start":{"line":21,"column":21},"end":{"line":21,"column":45}},"6":{"start":{"line":22,"column":4},"end":{"line":33,"column":6}},"7":{"start":{"line":23,"column":6},"end":{"line":32,"column":7}},"8":{"start":{"line":37,"column":4},"end":{"line":65,"column":5}},"9":{"start":{"line":38,"column":18},"end":{"line":38,"column":43}},"10":{"start":{"line":39,"column":6},"end":{"line":59,"column":7}},"11":{"start":{"line":61,"column":6},"end":{"line":64,"column":12}}},"fnMap":{"0":{"name":"(anonymous_0)","decl":{"start":{"line":7,"column":2},"end":{"line":7,"column":3}},"loc":{"start":{"line":7,"column":16},"end":{"line":10,"column":3}},"line":7},"1":{"name":"(anonymous_1)","decl":{"start":{"line":12,"column":2},"end":{"line":12,"column":3}},"loc":{"start":{"line":12,"column":23},"end":{"line":18,"column":3}},"line":12},"2":{"name":"(anonymous_2)","decl":{"start":{"line":15,"column":33},"end":{"line":15,"column":34}},"loc":{"start":{"line":15,"column":53},"end":{"line":17,"column":5}},"line":15},"3":{"name":"(anonymous_3)","decl":{"start":{"line":20,"column":2},"end":{"line":20,"column":3}},"loc":{"start":{"line":20,"column":25},"end":{"line":34,"column":3}},"line":20},"4":{"name":"(anonymous_4)","decl":{"start":{"line":22,"column":26},"end":{"line":22,"column":27}},"loc":{"start":{"line":22,"column":44},"end":{"line":33,"column":5}},"line":22},"5":{"name":"(anonymous_5)","decl":{"start":{"line":36,"column":2},"end":{"line":36,"column":3}},"loc":{"start":{"line":36,"column":11},"end":{"line":66,"column":3}},"line":36}},"branchMap":{"0":{"loc":{"start":{"line":37,"column":4},"end":{"line":65,"column":5}},"type":"if","locations":[{"start":{"line":37,"column":4},"end":{"line":65,"column":5}},{"start":{"line":37,"column":4},"end":{"line":65,"column":5}}],"line":37}},"s":{"0":0,"1":0,"2":0,"3":0,"4":0,"5":0,"6":0,"7":0,"8":0,"9":0,"10":0,"11":0},"f":{"0":0,"1":0,"2":0,"3":0,"4":0,"5":0},"b":{"0":[0,0]},"_coverageSchema":"332fd63041d2c1bcb487cc26dd0d5f7d97098a6c","hash":"d202439c370d7127b3ba342e496c45f9360691d1"}
,"/home/andrew/workspace/F1ian/client/components/RaceOptions.jsx": {"path":"/home/andrew/workspace/F1ian/client/components/RaceOptions.jsx","statementMap":{"0":{"start":{"line":10,"column":4},"end":{"line":10,"column":16}},"1":{"start":{"line":11,"column":4},"end":{"line":15,"column":5}},"2":{"start":{"line":19,"column":4},"end":{"line":19,"column":69}},"3":{"start":{"line":24,"column":4},"end":{"line":24,"column":22}},"4":{"start":{"line":25,"column":22},"end":{"line":25,"column":62}},"5":{"start":{"line":26,"column":22},"end":{"line":26,"column":80}},"6":{"start":{"line":27,"column":4},"end":{"line":27,"column":42}},"7":{"start":{"line":28,"column":4},"end":{"line":28,"column":44}},"8":{"start":{"line":32,"column":4},"end":{"line":32,"column":22}},"9":{"start":{"line":33,"column":4},"end":{"line":33,"column":68}},"10":{"start":{"line":34,"column":4},"end":{"line":34,"column":44}},"11":{"start":{"line":38,"column":15},"end":{"line":38,"column":30}},"12":{"start":{"line":39,"column":4},"end":{"line":69,"column":5}},"13":{"start":{"line":42,"column":30},"end":{"line":42,"column":63}},"14":{"start":{"line":48,"column":34},"end":{"line":48,"column":69}},"15":{"start":{"line":53,"column":34},"end":{"line":53,"column":68}},"16":{"start":{"line":59,"column":34},"end":{"line":59,"column":71}},"17":{"start":{"line":73,"column":0},"end":{"line":73,"column":28}}},"fnMap":{"0":{"name":"(anonymous_0)","decl":{"start":{"line":9,"column":2},"end":{"line":9,"column":3}},"loc":{"start":{"line":9,"column":21},"end":{"line":16,"column":3}},"line":9},"1":{"name":"(anonymous_1)","decl":{"start":{"line":18,"column":2},"end":{"line":18,"column":3}},"loc":{"start":{"line":18,"column":23},"end":{"line":20,"column":3}},"line":18},"2":{"name":"(anonymous_2)","decl":{"start":{"line":23,"column":2},"end":{"line":23,"column":3}},"loc":{"start":{"line":23,"column":35},"end":{"line":29,"column":3}},"line":23},"3":{"name":"(anonymous_3)","decl":{"start":{"line":31,"column":2},"end":{"line":31,"column":3}},"loc":{"start":{"line":31,"column":34},"end":{"line":35,"column":3}},"line":31},"4":{"name":"(anonymous_4)","decl":{"start":{"line":37,"column":2},"end":{"line":37,"column":3}},"loc":{"start":{"line":37,"column":11},"end":{"line":70,"column":3}},"line":37},"5":{"name":"(anonymous_5)","decl":{"start":{"line":42,"column":23},"end":{"line":42,"column":24}},"loc":{"start":{"line":42,"column":30},"end":{"line":42,"column":63}},"line":42},"6":{"name":"(anonymous_6)","decl":{"start":{"line":48,"column":27},"end":{"line":48,"column":28}},"loc":{"start":{"line":48,"column":34},"end":{"line":48,"column":69}},"line":48},"7":{"name":"(anonymous_7)","decl":{"start":{"line":53,"column":27},"end":{"line":53,"column":28}},"loc":{"start":{"line":53,"column":34},"end":{"line":53,"column":68}},"line":53},"8":{"name":"(anonymous_8)","decl":{"start":{"line":59,"column":27},"end":{"line":59,"column":28}},"loc":{"start":{"line":59,"column":34},"end":{"line":59,"column":71}},"line":59}},"branchMap":{"0":{"loc":{"start":{"line":42,"column":78},"end":{"line":44,"column":59}},"type":"cond-expr","locations":[{"start":{"line":43,"column":12},"end":{"line":43,"column":63}},{"start":{"line":44,"column":12},"end":{"line":44,"column":59}}],"line":42},"1":{"loc":{"start":{"line":44,"column":31},"end":{"line":44,"column":57}},"type":"binary-expr","locations":[{"start":{"line":44,"column":31},"end":{"line":44,"column":44}},{"start":{"line":44,"column":48},"end":{"line":44,"column":57}}],"line":44},"2":{"loc":{"start":{"line":49,"column":13},"end":{"line":51,"column":18}},"type":"cond-expr","locations":[{"start":{"line":50,"column":14},"end":{"line":50,"column":63}},{"start":{"line":51,"column":14},"end":{"line":51,"column":18}}],"line":49},"3":{"loc":{"start":{"line":54,"column":13},"end":{"line":56,"column":18}},"type":"cond-expr","locations":[{"start":{"line":55,"column":14},"end":{"line":55,"column":62}},{"start":{"line":56,"column":14},"end":{"line":56,"column":18}}],"line":54},"4":{"loc":{"start":{"line":60,"column":13},"end":{"line":62,"column":18}},"type":"cond-expr","locations":[{"start":{"line":61,"column":14},"end":{"line":61,"column":65}},{"start":{"line":62,"column":14},"end":{"line":62,"column":18}}],"line":60}},"s":{"0":1,"1":1,"2":1,"3":0,"4":0,"5":0,"6":0,"7":0,"8":0,"9":0,"10":0,"11":1,"12":1,"13":0,"14":0,"15":0,"16":0,"17":3},"f":{"0":1,"1":1,"2":0,"3":0,"4":1,"5":0,"6":0,"7":0,"8":0},"b":{"0":[0,1],"1":[1,1],"2":[0,1],"3":[0,1],"4":[0,1]},"_coverageSchema":"332fd63041d2c1bcb487cc26dd0d5f7d97098a6c","hash":"f25a047d73534fb64e1b9c274a7d550681dcd439"}
,"/home/andrew/workspace/F1ian/client/components/Results.jsx": {"path":"/home/andrew/workspace/F1ian/client/components/Results.jsx","statementMap":{"0":{"start":{"line":8,"column":4},"end":{"line":9,"column":19}},"1":{"start":{"line":17,"column":17},"end":{"line":17,"column":34}},"2":{"start":{"line":18,"column":17},"end":{"line":18,"column":34}},"3":{"start":{"line":19,"column":4},"end":{"line":21,"column":6}},"4":{"start":{"line":20,"column":6},"end":{"line":20,"column":30}},"5":{"start":{"line":25,"column":21},"end":{"line":25,"column":49}},"6":{"start":{"line":26,"column":4},"end":{"line":36,"column":6}},"7":{"start":{"line":27,"column":6},"end":{"line":35,"column":7}},"8":{"start":{"line":41,"column":26},"end":{"line":41,"column":27}},"9":{"start":{"line":42,"column":4},"end":{"line":47,"column":6}},"10":{"start":{"line":43,"column":6},"end":{"line":46,"column":7}},"11":{"start":{"line":44,"column":8},"end":{"line":44,"column":48}},"12":{"start":{"line":45,"column":8},"end":{"line":45,"column":46}},"13":{"start":{"line":48,"column":4},"end":{"line":48,"column":25}},"14":{"start":{"line":52,"column":4},"end":{"line":60,"column":5}},"15":{"start":{"line":53,"column":6},"end":{"line":57,"column":7}},"16":{"start":{"line":54,"column":8},"end":{"line":54,"column":22}},"17":{"start":{"line":56,"column":8},"end":{"line":56,"column":41}},"18":{"start":{"line":59,"column":6},"end":{"line":59,"column":16}},"19":{"start":{"line":66,"column":4},"end":{"line":90,"column":5}},"20":{"start":{"line":67,"column":20},"end":{"line":67,"column":38}},"21":{"start":{"line":68,"column":6},"end":{"line":87,"column":7}},"22":{"start":{"line":89,"column":6},"end":{"line":89,"column":24}}},"fnMap":{"0":{"name":"(anonymous_0)","decl":{"start":{"line":7,"column":2},"end":{"line":7,"column":3}},"loc":{"start":{"line":7,"column":16},"end":{"line":10,"column":3}},"line":7},"1":{"name":"(anonymous_1)","decl":{"start":{"line":12,"column":2},"end":{"line":12,"column":3}},"loc":{"start":{"line":12,"column":23},"end":{"line":22,"column":3}},"line":12},"2":{"name":"(anonymous_2)","decl":{"start":{"line":19,"column":39},"end":{"line":19,"column":40}},"loc":{"start":{"line":19,"column":52},"end":{"line":21,"column":5}},"line":19},"3":{"name":"(anonymous_3)","decl":{"start":{"line":24,"column":2},"end":{"line":24,"column":3}},"loc":{"start":{"line":24,"column":23},"end":{"line":37,"column":3}},"line":24},"4":{"name":"(anonymous_4)","decl":{"start":{"line":26,"column":23},"end":{"line":26,"column":24}},"loc":{"start":{"line":26,"column":41},"end":{"line":36,"column":5}},"line":26},"5":{"name":"(anonymous_5)","decl":{"start":{"line":39,"column":2},"end":{"line":39,"column":3}},"loc":{"start":{"line":39,"column":26},"end":{"line":49,"column":3}},"line":39},"6":{"name":"(anonymous_6)","decl":{"start":{"line":42,"column":16},"end":{"line":42,"column":17}},"loc":{"start":{"line":42,"column":28},"end":{"line":47,"column":5}},"line":42},"7":{"name":"(anonymous_7)","decl":{"start":{"line":51,"column":2},"end":{"line":51,"column":3}},"loc":{"start":{"line":51,"column":43},"end":{"line":61,"column":3}},"line":51},"8":{"name":"(anonymous_8)","decl":{"start":{"line":65,"column":2},"end":{"line":65,"column":3}},"loc":{"start":{"line":65,"column":11},"end":{"line":91,"column":3}},"line":65}},"branchMap":{"0":{"loc":{"start":{"line":32,"column":15},"end":{"line":32,"column":123}},"type":"cond-expr","locations":[{"start":{"line":32,"column":39},"end":{"line":32,"column":60}},{"start":{"line":32,"column":63},"end":{"line":32,"column":123}}],"line":32},"1":{"loc":{"start":{"line":43,"column":6},"end":{"line":46,"column":7}},"type":"if","locations":[{"start":{"line":43,"column":6},"end":{"line":46,"column":7}},{"start":{"line":43,"column":6},"end":{"line":46,"column":7}}],"line":43},"2":{"loc":{"start":{"line":43,"column":10},"end":{"line":43,"column":77}},"type":"binary-expr","locations":[{"start":{"line":43,"column":10},"end":{"line":43,"column":32}},{"start":{"line":43,"column":36},"end":{"line":43,"column":77}}],"line":43},"3":{"loc":{"start":{"line":52,"column":4},"end":{"line":60,"column":5}},"type":"if","locations":[{"start":{"line":52,"column":4},"end":{"line":60,"column":5}},{"start":{"line":52,"column":4},"end":{"line":60,"column":5}}],"line":52},"4":{"loc":{"start":{"line":53,"column":6},"end":{"line":57,"column":7}},"type":"if","locations":[{"start":{"line":53,"column":6},"end":{"line":57,"column":7}},{"start":{"line":53,"column":6},"end":{"line":57,"column":7}}],"line":53},"5":{"loc":{"start":{"line":66,"column":4},"end":{"line":90,"column":5}},"type":"if","locations":[{"start":{"line":66,"column":4},"end":{"line":90,"column":5}},{"start":{"line":66,"column":4},"end":{"line":90,"column":5}}],"line":66}},"s":{"0":0,"1":0,"2":0,"3":0,"4":0,"5":0,"6":0,"7":0,"8":0,"9":0,"10":0,"11":0,"12":0,"13":0,"14":0,"15":0,"16":0,"17":0,"18":0,"19":0,"20":0,"21":0,"22":0},"f":{"0":0,"1":0,"2":0,"3":0,"4":0,"5":0,"6":0,"7":0,"8":0},"b":{"0":[0,0],"1":[0,0],"2":[0,0],"3":[0,0],"4":[0,0],"5":[0,0]},"_coverageSchema":"332fd63041d2c1bcb487cc26dd0d5f7d97098a6c","hash":"088e875b248bae95d00027684e63b50606abc6c5"}
,"/home/andrew/workspace/F1ian/client/components/RunRace.jsx": {"path":"/home/andrew/workspace/F1ian/client/components/RunRace.jsx","statementMap":{"0":{"start":{"line":12,"column":4},"end":{"line":12,"column":16}},"1":{"start":{"line":13,"column":4},"end":{"line":13,"column":28}},"2":{"start":{"line":14,"column":4},"end":{"line":17,"column":5}},"3":{"start":{"line":21,"column":19},"end":{"line":21,"column":47}},"4":{"start":{"line":22,"column":20},"end":{"line":22,"column":39}},"5":{"start":{"line":23,"column":17},"end":{"line":23,"column":29}},"6":{"start":{"line":24,"column":17},"end":{"line":24,"column":29}},"7":{"start":{"line":25,"column":4},"end":{"line":40,"column":6}},"8":{"start":{"line":26,"column":23},"end":{"line":28,"column":11}},"9":{"start":{"line":27,"column":8},"end":{"line":27,"column":36}},"10":{"start":{"line":29,"column":6},"end":{"line":39,"column":8}},"11":{"start":{"line":42,"column":4},"end":{"line":45,"column":6}},"12":{"start":{"line":43,"column":6},"end":{"line":43,"column":33}},"13":{"start":{"line":44,"column":6},"end":{"line":44,"column":27}},"14":{"start":{"line":49,"column":21},"end":{"line":49,"column":66}},"15":{"start":{"line":50,"column":18},"end":{"line":50,"column":40}},"16":{"start":{"line":52,"column":4},"end":{"line":55,"column":6}},"17":{"start":{"line":59,"column":19},"end":{"line":59,"column":47}},"18":{"start":{"line":60,"column":20},"end":{"line":60,"column":39}},"19":{"start":{"line":61,"column":17},"end":{"line":61,"column":29}},"20":{"start":{"line":62,"column":17},"end":{"line":62,"column":29}},"21":{"start":{"line":63,"column":4},"end":{"line":78,"column":6}},"22":{"start":{"line":64,"column":23},"end":{"line":66,"column":11}},"23":{"start":{"line":65,"column":8},"end":{"line":65,"column":36}},"24":{"start":{"line":67,"column":6},"end":{"line":77,"column":8}},"25":{"start":{"line":80,"column":4},"end":{"line":83,"column":6}},"26":{"start":{"line":81,"column":6},"end":{"line":81,"column":33}},"27":{"start":{"line":82,"column":6},"end":{"line":82,"column":27}},"28":{"start":{"line":87,"column":24},"end":{"line":87,"column":53}},"29":{"start":{"line":88,"column":4},"end":{"line":92,"column":5}},"30":{"start":{"line":89,"column":6},"end":{"line":89,"column":143}},"31":{"start":{"line":91,"column":6},"end":{"line":91,"column":239}},"32":{"start":{"line":96,"column":24},"end":{"line":96,"column":53}},"33":{"start":{"line":97,"column":4},"end":{"line":97,"column":72}},"34":{"start":{"line":101,"column":17},"end":{"line":101,"column":55}},"35":{"start":{"line":102,"column":27},"end":{"line":109,"column":6}},"36":{"start":{"line":103,"column":6},"end":{"line":107,"column":7}},"37":{"start":{"line":104,"column":8},"end":{"line":106,"column":9}},"38":{"start":{"line":105,"column":10},"end":{"line":105,"column":22}},"39":{"start":{"line":108,"column":6},"end":{"line":108,"column":17}},"40":{"start":{"line":110,"column":4},"end":{"line":110,"column":53}},"41":{"start":{"line":114,"column":19},"end":{"line":114,"column":47}},"42":{"start":{"line":115,"column":20},"end":{"line":115,"column":39}},"43":{"start":{"line":116,"column":17},"end":{"line":116,"column":29}},"44":{"start":{"line":118,"column":4},"end":{"line":118,"column":43}},"45":{"start":{"line":120,"column":4},"end":{"line":120,"column":62}},"46":{"start":{"line":124,"column":4},"end":{"line":145,"column":5}},"47":{"start":{"line":125,"column":6},"end":{"line":125,"column":30}},"48":{"start":{"line":126,"column":6},"end":{"line":126,"column":43}},"49":{"start":{"line":128,"column":6},"end":{"line":128,"column":44}},"50":{"start":{"line":129,"column":22},"end":{"line":143,"column":13}},"51":{"start":{"line":130,"column":8},"end":{"line":142,"column":9}},"52":{"start":{"line":131,"column":30},"end":{"line":131,"column":32}},"53":{"start":{"line":132,"column":10},"end":{"line":135,"column":11}},"54":{"start":{"line":133,"column":35},"end":{"line":133,"column":80}},"55":{"start":{"line":134,"column":12},"end":{"line":134,"column":91}},"56":{"start":{"line":136,"column":10},"end":{"line":139,"column":12}},"57":{"start":{"line":141,"column":10},"end":{"line":141,"column":34}},"58":{"start":{"line":149,"column":17},"end":{"line":149,"column":48}},"59":{"start":{"line":150,"column":24},"end":{"line":150,"column":53}},"60":{"start":{"line":151,"column":24},"end":{"line":151,"column":42}},"61":{"start":{"line":152,"column":21},"end":{"line":152,"column":42}},"62":{"start":{"line":153,"column":18},"end":{"line":155,"column":6}},"63":{"start":{"line":154,"column":6},"end":{"line":154,"column":39}},"64":{"start":{"line":159,"column":27},"end":{"line":161,"column":6}},"65":{"start":{"line":160,"column":6},"end":{"line":160,"column":39}},"66":{"start":{"line":162,"column":24},"end":{"line":164,"column":6}},"67":{"start":{"line":163,"column":6},"end":{"line":163,"column":45}},"68":{"start":{"line":165,"column":4},"end":{"line":169,"column":10}},"69":{"start":{"line":166,"column":6},"end":{"line":168,"column":7}},"70":{"start":{"line":167,"column":8},"end":{"line":167,"column":28}},"71":{"start":{"line":170,"column":25},"end":{"line":170,"column":74}},"72":{"start":{"line":173,"column":4},"end":{"line":173,"column":61}},"73":{"start":{"line":175,"column":4},"end":{"line":177,"column":5}},"74":{"start":{"line":176,"column":6},"end":{"line":176,"column":34}},"75":{"start":{"line":179,"column":4},"end":{"line":226,"column":6}},"76":{"start":{"line":180,"column":6},"end":{"line":225,"column":7}},"77":{"start":{"line":181,"column":8},"end":{"line":202,"column":9}},"78":{"start":{"line":182,"column":10},"end":{"line":190,"column":11}},"79":{"start":{"line":192,"column":10},"end":{"line":201,"column":11}},"80":{"start":{"line":203,"column":13},"end":{"line":225,"column":7}},"81":{"start":{"line":204,"column":8},"end":{"line":224,"column":9}},"82":{"start":{"line":205,"column":10},"end":{"line":214,"column":11}},"83":{"start":{"line":216,"column":10},"end":{"line":223,"column":11}},"84":{"start":{"line":230,"column":4},"end":{"line":251,"column":5}},"85":{"start":{"line":231,"column":6},"end":{"line":243,"column":7}},"86":{"start":{"line":234,"column":33},"end":{"line":234,"column":51}},"87":{"start":{"line":245,"column":6},"end":{"line":250,"column":7}}},"fnMap":{"0":{"name":"(anonymous_0)","decl":{"start":{"line":11,"column":2},"end":{"line":11,"column":3}},"loc":{"start":{"line":11,"column":21},"end":{"line":18,"column":3}},"line":11},"1":{"name":"(anonymous_1)","decl":{"start":{"line":20,"column":2},"end":{"line":20,"column":3}},"loc":{"start":{"line":20,"column":23},"end":{"line":46,"column":3}},"line":20},"2":{"name":"(anonymous_2)","decl":{"start":{"line":25,"column":39},"end":{"line":25,"column":40}},"loc":{"start":{"line":25,"column":53},"end":{"line":40,"column":5}},"line":25},"3":{"name":"(anonymous_3)","decl":{"start":{"line":26,"column":47},"end":{"line":26,"column":48}},"loc":{"start":{"line":26,"column":59},"end":{"line":28,"column":7}},"line":26},"4":{"name":"(anonymous_4)","decl":{"start":{"line":42,"column":36},"end":{"line":42,"column":37}},"loc":{"start":{"line":42,"column":50},"end":{"line":45,"column":5}},"line":42},"5":{"name":"(anonymous_5)","decl":{"start":{"line":48,"column":2},"end":{"line":48,"column":3}},"loc":{"start":{"line":48,"column":20},"end":{"line":56,"column":3}},"line":48},"6":{"name":"(anonymous_6)","decl":{"start":{"line":58,"column":2},"end":{"line":58,"column":3}},"loc":{"start":{"line":58,"column":23},"end":{"line":84,"column":3}},"line":58},"7":{"name":"(anonymous_7)","decl":{"start":{"line":63,"column":39},"end":{"line":63,"column":40}},"loc":{"start":{"line":63,"column":53},"end":{"line":78,"column":5}},"line":63},"8":{"name":"(anonymous_8)","decl":{"start":{"line":64,"column":47},"end":{"line":64,"column":48}},"loc":{"start":{"line":64,"column":59},"end":{"line":66,"column":7}},"line":64},"9":{"name":"(anonymous_9)","decl":{"start":{"line":80,"column":35},"end":{"line":80,"column":36}},"loc":{"start":{"line":80,"column":49},"end":{"line":83,"column":5}},"line":80},"10":{"name":"(anonymous_10)","decl":{"start":{"line":86,"column":2},"end":{"line":86,"column":3}},"loc":{"start":{"line":86,"column":29},"end":{"line":93,"column":3}},"line":86},"11":{"name":"(anonymous_11)","decl":{"start":{"line":95,"column":2},"end":{"line":95,"column":3}},"loc":{"start":{"line":95,"column":42},"end":{"line":98,"column":3}},"line":95},"12":{"name":"(anonymous_12)","decl":{"start":{"line":100,"column":2},"end":{"line":100,"column":3}},"loc":{"start":{"line":100,"column":36},"end":{"line":111,"column":3}},"line":100},"13":{"name":"(anonymous_13)","decl":{"start":{"line":102,"column":54},"end":{"line":102,"column":55}},"loc":{"start":{"line":102,"column":63},"end":{"line":109,"column":5}},"line":102},"14":{"name":"(anonymous_14)","decl":{"start":{"line":113,"column":2},"end":{"line":113,"column":3}},"loc":{"start":{"line":113,"column":18},"end":{"line":121,"column":3}},"line":113},"15":{"name":"(anonymous_15)","decl":{"start":{"line":123,"column":2},"end":{"line":123,"column":3}},"loc":{"start":{"line":123,"column":17},"end":{"line":146,"column":3}},"line":123},"16":{"name":"(anonymous_16)","decl":{"start":{"line":129,"column":34},"end":{"line":129,"column":35}},"loc":{"start":{"line":129,"column":40},"end":{"line":143,"column":7}},"line":129},"17":{"name":"(anonymous_17)","decl":{"start":{"line":148,"column":2},"end":{"line":148,"column":3}},"loc":{"start":{"line":148,"column":18},"end":{"line":227,"column":3}},"line":148},"18":{"name":"(anonymous_18)","decl":{"start":{"line":153,"column":45},"end":{"line":153,"column":46}},"loc":{"start":{"line":153,"column":54},"end":{"line":155,"column":5}},"line":153},"19":{"name":"(anonymous_19)","decl":{"start":{"line":159,"column":53},"end":{"line":159,"column":54}},"loc":{"start":{"line":159,"column":65},"end":{"line":161,"column":5}},"line":159},"20":{"name":"(anonymous_20)","decl":{"start":{"line":162,"column":48},"end":{"line":162,"column":49}},"loc":{"start":{"line":162,"column":60},"end":{"line":164,"column":5}},"line":162},"21":{"name":"(anonymous_21)","decl":{"start":{"line":165,"column":26},"end":{"line":165,"column":27}},"loc":{"start":{"line":165,"column":38},"end":{"line":169,"column":5}},"line":165},"22":{"name":"(anonymous_22)","decl":{"start":{"line":179,"column":23},"end":{"line":179,"column":24}},"loc":{"start":{"line":179,"column":41},"end":{"line":226,"column":5}},"line":179},"23":{"name":"(anonymous_23)","decl":{"start":{"line":229,"column":2},"end":{"line":229,"column":3}},"loc":{"start":{"line":229,"column":12},"end":{"line":252,"column":3}},"line":229},"24":{"name":"(anonymous_24)","decl":{"start":{"line":234,"column":27},"end":{"line":234,"column":28}},"loc":{"start":{"line":234,"column":33},"end":{"line":234,"column":51}},"line":234}},"branchMap":{"0":{"loc":{"start":{"line":88,"column":4},"end":{"line":92,"column":5}},"type":"if","locations":[{"start":{"line":88,"column":4},"end":{"line":92,"column":5}},{"start":{"line":88,"column":4},"end":{"line":92,"column":5}}],"line":88},"1":{"loc":{"start":{"line":104,"column":8},"end":{"line":106,"column":9}},"type":"if","locations":[{"start":{"line":104,"column":8},"end":{"line":106,"column":9}},{"start":{"line":104,"column":8},"end":{"line":106,"column":9}}],"line":104},"2":{"loc":{"start":{"line":110,"column":11},"end":{"line":110,"column":53}},"type":"binary-expr","locations":[{"start":{"line":110,"column":11},"end":{"line":110,"column":30}},{"start":{"line":110,"column":34},"end":{"line":110,"column":53}}],"line":110},"3":{"loc":{"start":{"line":124,"column":4},"end":{"line":145,"column":5}},"type":"if","locations":[{"start":{"line":124,"column":4},"end":{"line":145,"column":5}},{"start":{"line":124,"column":4},"end":{"line":145,"column":5}}],"line":124},"4":{"loc":{"start":{"line":130,"column":8},"end":{"line":142,"column":9}},"type":"if","locations":[{"start":{"line":130,"column":8},"end":{"line":142,"column":9}},{"start":{"line":130,"column":8},"end":{"line":142,"column":9}}],"line":130},"5":{"loc":{"start":{"line":166,"column":6},"end":{"line":168,"column":7}},"type":"if","locations":[{"start":{"line":166,"column":6},"end":{"line":168,"column":7}},{"start":{"line":166,"column":6},"end":{"line":168,"column":7}}],"line":166},"6":{"loc":{"start":{"line":175,"column":4},"end":{"line":177,"column":5}},"type":"if","locations":[{"start":{"line":175,"column":4},"end":{"line":177,"column":5}},{"start":{"line":175,"column":4},"end":{"line":177,"column":5}}],"line":175},"7":{"loc":{"start":{"line":180,"column":6},"end":{"line":225,"column":7}},"type":"if","locations":[{"start":{"line":180,"column":6},"end":{"line":225,"column":7}},{"start":{"line":180,"column":6},"end":{"line":225,"column":7}}],"line":180},"8":{"loc":{"start":{"line":180,"column":10},"end":{"line":180,"column":143}},"type":"binary-expr","locations":[{"start":{"line":180,"column":10},"end":{"line":180,"column":66}},{"start":{"line":180,"column":70},"end":{"line":180,"column":143}}],"line":180},"9":{"loc":{"start":{"line":181,"column":8},"end":{"line":202,"column":9}},"type":"if","locations":[{"start":{"line":181,"column":8},"end":{"line":202,"column":9}},{"start":{"line":181,"column":8},"end":{"line":202,"column":9}}],"line":181},"10":{"loc":{"start":{"line":187,"column":20},"end":{"line":187,"column":64}},"type":"binary-expr","locations":[{"start":{"line":187,"column":20},"end":{"line":187,"column":38}},{"start":{"line":187,"column":42},"end":{"line":187,"column":64}}],"line":187},"11":{"loc":{"start":{"line":195,"column":17},"end":{"line":195,"column":61}},"type":"binary-expr","locations":[{"start":{"line":195,"column":17},"end":{"line":195,"column":35}},{"start":{"line":195,"column":39},"end":{"line":195,"column":61}}],"line":195},"12":{"loc":{"start":{"line":203,"column":13},"end":{"line":225,"column":7}},"type":"if","locations":[{"start":{"line":203,"column":13},"end":{"line":225,"column":7}},{"start":{"line":203,"column":13},"end":{"line":225,"column":7}}],"line":203},"13":{"loc":{"start":{"line":204,"column":8},"end":{"line":224,"column":9}},"type":"if","locations":[{"start":{"line":204,"column":8},"end":{"line":224,"column":9}},{"start":{"line":204,"column":8},"end":{"line":224,"column":9}}],"line":204},"14":{"loc":{"start":{"line":208,"column":17},"end":{"line":208,"column":62}},"type":"binary-expr","locations":[{"start":{"line":208,"column":17},"end":{"line":208,"column":35}},{"start":{"line":208,"column":39},"end":{"line":208,"column":62}}],"line":208},"15":{"loc":{"start":{"line":220,"column":20},"end":{"line":220,"column":65}},"type":"binary-expr","locations":[{"start":{"line":220,"column":20},"end":{"line":220,"column":38}},{"start":{"line":220,"column":42},"end":{"line":220,"column":65}}],"line":220},"16":{"loc":{"start":{"line":230,"column":4},"end":{"line":251,"column":5}},"type":"if","locations":[{"start":{"line":230,"column":4},"end":{"line":251,"column":5}},{"start":{"line":230,"column":4},"end":{"line":251,"column":5}}],"line":230},"17":{"loc":{"start":{"line":237,"column":11},"end":{"line":237,"column":91}},"type":"cond-expr","locations":[{"start":{"line":237,"column":35},"end":{"line":237,"column":69}},{"start":{"line":237,"column":72},"end":{"line":237,"column":91}}],"line":237}},"s":{"0":0,"1":0,"2":0,"3":0,"4":0,"5":0,"6":0,"7":0,"8":0,"9":0,"10":0,"11":0,"12":0,"13":0,"14":0,"15":0,"16":0,"17":0,"18":0,"19":0,"20":0,"21":0,"22":0,"23":0,"24":0,"25":0,"26":0,"27":0,"28":0,"29":0,"30":0,"31":0,"32":0,"33":0,"34":0,"35":0,"36":0,"37":0,"38":0,"39":0,"40":0,"41":0,"42":0,"43":0,"44":0,"45":0,"46":0,"47":0,"48":0,"49":0,"50":0,"51":0,"52":0,"53":0,"54":0,"55":0,"56":0,"57":0,"58":0,"59":0,"60":0,"61":0,"62":0,"63":0,"64":0,"65":0,"66":0,"67":0,"68":0,"69":0,"70":0,"71":0,"72":0,"73":0,"74":0,"75":0,"76":0,"77":0,"78":0,"79":0,"80":0,"81":0,"82":0,"83":0,"84":0,"85":0,"86":0,"87":0},"f":{"0":0,"1":0,"2":0,"3":0,"4":0,"5":0,"6":0,"7":0,"8":0,"9":0,"10":0,"11":0,"12":0,"13":0,"14":0,"15":0,"16":0,"17":0,"18":0,"19":0,"20":0,"21":0,"22":0,"23":0,"24":0},"b":{"0":[0,0],"1":[0,0],"2":[0,0],"3":[0,0],"4":[0,0],"5":[0,0],"6":[0,0],"7":[0,0],"8":[0,0],"9":[0,0],"10":[0,0],"11":[0,0],"12":[0,0],"13":[0,0],"14":[0,0],"15":[0,0],"16":[0,0],"17":[0,0]},"_coverageSchema":"332fd63041d2c1bcb487cc26dd0d5f7d97098a6c","hash":"1f6606597eac3ffcdf5c9339e01727c227cc6cf5"}
,"/home/andrew/workspace/F1ian/client/helpers/retiredDrivers.js": {"path":"/home/andrew/workspace/F1ian/client/helpers/retiredDrivers.js","statementMap":{"0":{"start":{"line":2,"column":28},"end":{"line":2,"column":30}},"1":{"start":{"line":5,"column":21},"end":{"line":7,"column":4}},"2":{"start":{"line":6,"column":4},"end":{"line":6,"column":38}},"3":{"start":{"line":10,"column":2},"end":{"line":12,"column":4}},"4":{"start":{"line":11,"column":4},"end":{"line":11,"column":127}},"5":{"start":{"line":15,"column":23},"end":{"line":19,"column":4}},"6":{"start":{"line":16,"column":4},"end":{"line":18,"column":5}},"7":{"start":{"line":17,"column":6},"end":{"line":17,"column":14}},"8":{"start":{"line":21,"column":24},"end":{"line":21,"column":26}},"9":{"start":{"line":22,"column":2},"end":{"line":24,"column":4}},"10":{"start":{"line":23,"column":4},"end":{"line":23,"column":32}},"11":{"start":{"line":25,"column":2},"end":{"line":25,"column":24}},"12":{"start":{"line":30,"column":37},"end":{"line":36,"column":4}},"13":{"start":{"line":31,"column":4},"end":{"line":31,"column":27}},"14":{"start":{"line":33,"column":4},"end":{"line":35,"column":5}},"15":{"start":{"line":34,"column":6},"end":{"line":34,"column":14}},"16":{"start":{"line":39,"column":26},"end":{"line":39,"column":28}},"17":{"start":{"line":40,"column":2},"end":{"line":44,"column":4}},"18":{"start":{"line":41,"column":4},"end":{"line":43,"column":5}},"19":{"start":{"line":42,"column":6},"end":{"line":42,"column":39}},"20":{"start":{"line":46,"column":2},"end":{"line":48,"column":4}},"21":{"start":{"line":47,"column":4},"end":{"line":47,"column":24}},"22":{"start":{"line":52,"column":25},"end":{"line":54,"column":4}},"23":{"start":{"line":53,"column":4},"end":{"line":53,"column":42}},"24":{"start":{"line":55,"column":2},"end":{"line":55,"column":53}},"25":{"start":{"line":60,"column":23},"end":{"line":62,"column":9}},"26":{"start":{"line":61,"column":6},"end":{"line":61,"column":44}},"27":{"start":{"line":65,"column":4},"end":{"line":65,"column":43}}},"fnMap":{"0":{"name":"findRetiredDrivers","decl":{"start":{"line":1,"column":16},"end":{"line":1,"column":34}},"loc":{"start":{"line":1,"column":53},"end":{"line":26,"column":1}},"line":1},"1":{"name":"(anonymous_1)","decl":{"start":{"line":5,"column":36},"end":{"line":5,"column":37}},"loc":{"start":{"line":5,"column":48},"end":{"line":7,"column":3}},"line":5},"2":{"name":"(anonymous_2)","decl":{"start":{"line":10,"column":19},"end":{"line":10,"column":20}},"loc":{"start":{"line":10,"column":38},"end":{"line":12,"column":3}},"line":10},"3":{"name":"(anonymous_3)","decl":{"start":{"line":15,"column":48},"end":{"line":15,"column":49}},"loc":{"start":{"line":15,"column":58},"end":{"line":19,"column":3}},"line":15},"4":{"name":"(anonymous_4)","decl":{"start":{"line":22,"column":21},"end":{"line":22,"column":22}},"loc":{"start":{"line":22,"column":33},"end":{"line":24,"column":3}},"line":22},"5":{"name":"addRetiredLaps","decl":{"start":{"line":28,"column":16},"end":{"line":28,"column":30}},"loc":{"start":{"line":28,"column":68},"end":{"line":49,"column":1}},"line":28},"6":{"name":"(anonymous_6)","decl":{"start":{"line":30,"column":59},"end":{"line":30,"column":60}},"loc":{"start":{"line":30,"column":71},"end":{"line":32,"column":3}},"line":30},"7":{"name":"(anonymous_7)","decl":{"start":{"line":32,"column":10},"end":{"line":32,"column":11}},"loc":{"start":{"line":32,"column":20},"end":{"line":36,"column":3}},"line":32},"8":{"name":"(anonymous_8)","decl":{"start":{"line":40,"column":25},"end":{"line":40,"column":26}},"loc":{"start":{"line":40,"column":37},"end":{"line":44,"column":3}},"line":40},"9":{"name":"(anonymous_9)","decl":{"start":{"line":46,"column":28},"end":{"line":46,"column":29}},"loc":{"start":{"line":46,"column":40},"end":{"line":48,"column":3}},"line":46},"10":{"name":"driverDoesNotRetire","decl":{"start":{"line":51,"column":16},"end":{"line":51,"column":35}},"loc":{"start":{"line":51,"column":61},"end":{"line":56,"column":1}},"line":51},"11":{"name":"(anonymous_11)","decl":{"start":{"line":52,"column":47},"end":{"line":52,"column":48}},"loc":{"start":{"line":52,"column":66},"end":{"line":54,"column":3}},"line":52},"12":{"name":"hasDriverRetiredYet","decl":{"start":{"line":58,"column":16},"end":{"line":58,"column":35}},"loc":{"start":{"line":58,"column":73},"end":{"line":66,"column":3}},"line":58},"13":{"name":"(anonymous_13)","decl":{"start":{"line":60,"column":45},"end":{"line":60,"column":46}},"loc":{"start":{"line":60,"column":64},"end":{"line":62,"column":5}},"line":60}},"branchMap":{"0":{"loc":{"start":{"line":16,"column":4},"end":{"line":18,"column":5}},"type":"if","locations":[{"start":{"line":16,"column":4},"end":{"line":18,"column":5}},{"start":{"line":16,"column":4},"end":{"line":18,"column":5}}],"line":16},"1":{"loc":{"start":{"line":33,"column":4},"end":{"line":35,"column":5}},"type":"if","locations":[{"start":{"line":33,"column":4},"end":{"line":35,"column":5}},{"start":{"line":33,"column":4},"end":{"line":35,"column":5}}],"line":33},"2":{"loc":{"start":{"line":41,"column":4},"end":{"line":43,"column":5}},"type":"if","locations":[{"start":{"line":41,"column":4},"end":{"line":43,"column":5}},{"start":{"line":41,"column":4},"end":{"line":43,"column":5}}],"line":41},"3":{"loc":{"start":{"line":55,"column":9},"end":{"line":55,"column":53}},"type":"cond-expr","locations":[{"start":{"line":55,"column":41},"end":{"line":55,"column":45}},{"start":{"line":55,"column":48},"end":{"line":55,"column":53}}],"line":55}},"s":{"0":0,"1":0,"2":0,"3":0,"4":0,"5":0,"6":0,"7":0,"8":0,"9":0,"10":0,"11":0,"12":0,"13":0,"14":0,"15":0,"16":0,"17":0,"18":0,"19":0,"20":0,"21":0,"22":0,"23":0,"24":0,"25":0,"26":0,"27":0},"f":{"0":0,"1":0,"2":0,"3":0,"4":0,"5":0,"6":0,"7":0,"8":0,"9":0,"10":0,"11":0,"12":0,"13":0},"b":{"0":[0,0],"1":[0,0],"2":[0,0],"3":[0,0]},"_coverageSchema":"332fd63041d2c1bcb487cc26dd0d5f7d97098a6c","hash":"ea807710d43abf0e61f513eba063f7fcd870d2b1"}
,"/home/andrew/workspace/F1ian/client/helpers/visualisation.js": {"path":"/home/andrew/workspace/F1ian/client/helpers/visualisation.js","statementMap":{"0":{"start":{"line":2,"column":19},"end":{"line":2,"column":21}},"1":{"start":{"line":3,"column":2},"end":{"line":7,"column":4}},"2":{"start":{"line":4,"column":4},"end":{"line":6,"column":5}},"3":{"start":{"line":5,"column":6},"end":{"line":5,"column":33}},"4":{"start":{"line":8,"column":2},"end":{"line":8,"column":19}},"5":{"start":{"line":12,"column":22},"end":{"line":12,"column":51}},"6":{"start":{"line":13,"column":2},"end":{"line":17,"column":3}},"7":{"start":{"line":14,"column":4},"end":{"line":14,"column":141}},"8":{"start":{"line":16,"column":4},"end":{"line":16,"column":237}}},"fnMap":{"0":{"name":"getAllDriversInRace","decl":{"start":{"line":1,"column":16},"end":{"line":1,"column":35}},"loc":{"start":{"line":1,"column":46},"end":{"line":9,"column":1}},"line":1},"1":{"name":"(anonymous_1)","decl":{"start":{"line":3,"column":19},"end":{"line":3,"column":20}},"loc":{"start":{"line":3,"column":28},"end":{"line":7,"column":3}},"line":3},"2":{"name":"calcWidth","decl":{"start":{"line":11,"column":16},"end":{"line":11,"column":25}},"loc":{"start":{"line":11,"column":42},"end":{"line":18,"column":1}},"line":11}},"branchMap":{"0":{"loc":{"start":{"line":4,"column":4},"end":{"line":6,"column":5}},"type":"if","locations":[{"start":{"line":4,"column":4},"end":{"line":6,"column":5}},{"start":{"line":4,"column":4},"end":{"line":6,"column":5}}],"line":4},"1":{"loc":{"start":{"line":13,"column":2},"end":{"line":17,"column":3}},"type":"if","locations":[{"start":{"line":13,"column":2},"end":{"line":17,"column":3}},{"start":{"line":13,"column":2},"end":{"line":17,"column":3}}],"line":13}},"s":{"0":0,"1":0,"2":0,"3":0,"4":0,"5":0,"6":0,"7":0,"8":0},"f":{"0":0,"1":0,"2":0},"b":{"0":[0,0],"1":[0,0]},"_coverageSchema":"332fd63041d2c1bcb487cc26dd0d5f7d97098a6c","hash":"2fda087b4cf23aeb3227c64c1f7b91076a58d3a1"}
,"/home/andrew/workspace/F1ian/tests/setupTests.js": {"path":"/home/andrew/workspace/F1ian/tests/setupTests.js","statementMap":{"0":{"start":{"line":4,"column":0},"end":{"line":4,"column":45}}},"fnMap":{},"branchMap":{},"s":{"0":5},"f":{},"b":{},"_coverageSchema":"332fd63041d2c1bcb487cc26dd0d5f7d97098a6c","hash":"e7c3f04440baae884cc5f4f6b737ea5b52f3e7e3"}
}
