TN:
SF:/home/andrew/workspace/F1ian/client/api.js
FN:3,getSeasons
FN:6,(anonymous_1)
FN:11,getCircuits
FN:14,(anonymous_3)
FN:19,getRaces
FN:22,(anonymous_5)
FN:27,getQuali
FN:30,(anonymous_7)
FN:35,getGrid
FN:38,(anonymous_9)
FN:43,getVisData
FN:46,(anonymous_11)
FN:51,getRaceDetails
FN:54,(anonymous_13)
FN:59,getRaceResults
FN:62,(anonymous_15)
FNF:16
FNH:3
FNDA:0,getSeasons
FNDA:0,(anonymous_1)
FNDA:1,getCircuits
FNDA:1,(anonymous_3)
FNDA:1,getRaces
FNDA:0,(anonymous_5)
FNDA:0,getQuali
FNDA:0,(anonymous_7)
FNDA:0,getGrid
FNDA:0,(anonymous_9)
FNDA:0,getVisData
FNDA:0,(anonymous_11)
FNDA:0,getRaceDetails
FNDA:0,(anonymous_13)
FNDA:0,getRaceResults
FNDA:0,(anonymous_15)
DA:4,0
DA:7,0
DA:12,1
DA:15,1
DA:20,1
DA:23,0
DA:28,0
DA:31,0
DA:36,0
DA:39,0
DA:44,0
DA:47,0
DA:52,0
DA:55,0
DA:60,0
DA:63,0
LF:16
LH:3
BRDA:7,0,0,0
BRDA:7,0,1,0
BRDA:15,1,0,1
BRDA:15,1,1,0
BRDA:23,2,0,0
BRDA:23,2,1,0
BRDA:31,3,0,0
BRDA:31,3,1,0
BRDA:39,4,0,0
BRDA:39,4,1,0
BRDA:47,5,0,0
BRDA:47,5,1,0
BRDA:55,6,0,0
BRDA:55,6,1,0
BRDA:63,7,0,0
BRDA:63,7,1,0
BRF:16
BRH:1
end_of_record
TN:
SF:/home/andrew/workspace/F1ian/client/components/App.jsx
FN:14,(anonymous_0)
FN:18,(anonymous_1)
FNF:2
FNH:2
FNDA:1,(anonymous_0)
FNDA:1,(anonymous_1)
DA:15,1
DA:19,1
LF:2
LH:2
BRF:0
BRH:0
end_of_record
TN:
SF:/home/andrew/workspace/F1ian/client/components/Circuits.jsx
FN:6,(anonymous_0)
FN:13,(anonymous_1)
FN:14,(anonymous_2)
FN:19,(anonymous_3)
FN:21,(anonymous_4)
FN:33,(anonymous_5)
FNF:6
FNH:6
FNDA:1,(anonymous_0)
FNDA:1,(anonymous_1)
FNDA:1,(anonymous_2)
FNDA:5,(anonymous_3)
FNDA:8,(anonymous_4)
FNDA:6,(anonymous_5)
DA:7,1
DA:8,1
DA:14,1
DA:15,1
DA:20,5
DA:21,5
DA:22,8
DA:34,6
LF:8
LH:8
BRDA:48,0,0,5
BRDA:48,0,1,1
BRF:2
BRH:2
end_of_record
TN:
SF:/home/andrew/workspace/F1ian/client/components/FullSeason.jsx
FN:7,(anonymous_0)
FN:14,(anonymous_1)
FN:18,(anonymous_2)
FN:23,(anonymous_3)
FN:27,(anonymous_4)
FN:36,(anonymous_5)
FNF:6
FNH:3
FNDA:1,(anonymous_0)
FNDA:1,(anonymous_1)
FNDA:0,(anonymous_2)
FNDA:0,(anonymous_3)
FNDA:0,(anonymous_4)
FNDA:1,(anonymous_5)
DA:8,1
DA:9,1
DA:15,1
DA:16,1
DA:17,1
DA:18,1
DA:19,0
DA:24,0
DA:27,0
DA:28,0
DA:37,1
DA:38,1
DA:39,0
DA:46,1
LF:14
LH:9
BRDA:38,0,0,0
BRDA:38,0,1,1
BRDA:38,1,0,1
BRDA:38,1,1,0
BRF:4
BRH:2
end_of_record
TN:
SF:/home/andrew/workspace/F1ian/client/components/Grid.jsx
FN:7,(anonymous_0)
FN:12,(anonymous_1)
FN:23,(anonymous_2)
FN:28,(anonymous_3)
FN:29,(anonymous_4)
FN:40,(anonymous_5)
FNF:6
FNH:0
FNDA:0,(anonymous_0)
FNDA:0,(anonymous_1)
FNDA:0,(anonymous_2)
FNDA:0,(anonymous_3)
FNDA:0,(anonymous_4)
FNDA:0,(anonymous_5)
DA:8,0
DA:14,0
DA:15,0
DA:16,0
DA:18,0
DA:19,0
DA:20,0
DA:21,0
DA:23,0
DA:24,0
DA:29,0
DA:30,0
DA:41,0
DA:42,0
DA:43,0
DA:62,0
LF:16
LH:0
BRDA:14,0,0,0
BRDA:14,0,1,0
BRDA:41,1,0,0
BRDA:41,1,1,0
BRF:4
BRH:0
end_of_record
TN:
SF:/home/andrew/workspace/F1ian/client/components/Header.jsx
FN:3,(anonymous_0)
FNF:1
FNH:1
FNDA:1,(anonymous_0)
DA:3,2
DA:4,1
DA:7,1
DA:8,0
DA:11,1
DA:22,2
LF:6
LH:5
BRDA:7,0,0,0
BRDA:7,0,1,1
BRDA:14,1,0,0
BRDA:14,1,1,1
BRF:4
BRH:2
end_of_record
TN:
SF:/home/andrew/workspace/F1ian/client/components/Home.jsx
FN:6,(anonymous_0)
FN:13,(anonymous_1)
FN:14,(anonymous_2)
FN:19,(anonymous_3)
FN:20,(anonymous_4)
FN:26,(anonymous_5)
FNF:6
FNH:0
FNDA:0,(anonymous_0)
FNDA:0,(anonymous_1)
FNDA:0,(anonymous_2)
FNDA:0,(anonymous_3)
FNDA:0,(anonymous_4)
FNDA:0,(anonymous_5)
DA:7,0
DA:8,0
DA:14,0
DA:15,0
DA:20,0
DA:21,0
DA:22,0
DA:27,0
LF:8
LH:0
BRDA:32,0,0,0
BRDA:32,0,1,0
BRF:2
BRH:0
end_of_record
TN:
SF:/home/andrew/workspace/F1ian/client/components/Quali.jsx
FN:7,(anonymous_0)
FN:12,(anonymous_1)
FN:15,(anonymous_2)
FN:20,(anonymous_3)
FN:22,(anonymous_4)
FN:36,(anonymous_5)
FNF:6
FNH:0
FNDA:0,(anonymous_0)
FNDA:0,(anonymous_1)
FNDA:0,(anonymous_2)
FNDA:0,(anonymous_3)
FNDA:0,(anonymous_4)
FNDA:0,(anonymous_5)
DA:8,0
DA:13,0
DA:14,0
DA:15,0
DA:16,0
DA:21,0
DA:22,0
DA:23,0
DA:37,0
DA:38,0
DA:39,0
DA:61,0
LF:12
LH:0
BRDA:37,0,0,0
BRDA:37,0,1,0
BRF:2
BRH:0
end_of_record
TN:
SF:/home/andrew/workspace/F1ian/client/components/RaceOptions.jsx
FN:9,(anonymous_0)
FN:18,(anonymous_1)
FN:23,(anonymous_2)
FN:31,(anonymous_3)
FN:37,(anonymous_4)
FN:42,(anonymous_5)
FN:48,(anonymous_6)
FN:53,(anonymous_7)
FN:59,(anonymous_8)
FNF:9
FNH:3
FNDA:1,(anonymous_0)
FNDA:1,(anonymous_1)
FNDA:0,(anonymous_2)
FNDA:0,(anonymous_3)
FNDA:1,(anonymous_4)
FNDA:0,(anonymous_5)
FNDA:0,(anonymous_6)
FNDA:0,(anonymous_7)
FNDA:0,(anonymous_8)
DA:10,1
DA:11,1
DA:19,1
DA:24,0
DA:25,0
DA:26,0
DA:27,0
DA:28,0
DA:32,0
DA:33,0
DA:34,0
DA:38,1
DA:39,1
DA:42,0
DA:48,0
DA:53,0
DA:59,0
DA:73,3
LF:18
LH:6
BRDA:42,0,0,0
BRDA:42,0,1,1
BRDA:44,1,0,1
BRDA:44,1,1,1
BRDA:49,2,0,0
BRDA:49,2,1,1
BRDA:54,3,0,0
BRDA:54,3,1,1
BRDA:60,4,0,0
BRDA:60,4,1,1
BRF:10
BRH:6
end_of_record
TN:
SF:/home/andrew/workspace/F1ian/client/components/Results.jsx
FN:7,(anonymous_0)
FN:12,(anonymous_1)
FN:19,(anonymous_2)
FN:24,(anonymous_3)
FN:26,(anonymous_4)
FN:39,(anonymous_5)
FN:42,(anonymous_6)
FN:51,(anonymous_7)
FN:65,(anonymous_8)
FNF:9
FNH:0
FNDA:0,(anonymous_0)
FNDA:0,(anonymous_1)
FNDA:0,(anonymous_2)
FNDA:0,(anonymous_3)
FNDA:0,(anonymous_4)
FNDA:0,(anonymous_5)
FNDA:0,(anonymous_6)
FNDA:0,(anonymous_7)
FNDA:0,(anonymous_8)
DA:8,0
DA:17,0
DA:18,0
DA:19,0
DA:20,0
DA:25,0
DA:26,0
DA:27,0
DA:41,0
DA:42,0
DA:43,0
DA:44,0
DA:45,0
DA:48,0
DA:52,0
DA:53,0
DA:54,0
DA:56,0
DA:59,0
DA:66,0
DA:67,0
DA:68,0
DA:89,0
LF:23
LH:0
BRDA:32,0,0,0
BRDA:32,0,1,0
BRDA:43,1,0,0
BRDA:43,1,1,0
BRDA:43,2,0,0
BRDA:43,2,1,0
BRDA:52,3,0,0
BRDA:52,3,1,0
BRDA:53,4,0,0
BRDA:53,4,1,0
BRDA:66,5,0,0
BRDA:66,5,1,0
BRF:12
BRH:0
end_of_record
TN:
SF:/home/andrew/workspace/F1ian/client/components/RunRace.jsx
FN:11,(anonymous_0)
FN:20,(anonymous_1)
FN:25,(anonymous_2)
FN:26,(anonymous_3)
FN:42,(anonymous_4)
FN:48,(anonymous_5)
FN:58,(anonymous_6)
FN:63,(anonymous_7)
FN:64,(anonymous_8)
FN:80,(anonymous_9)
FN:86,(anonymous_10)
FN:95,(anonymous_11)
FN:100,(anonymous_12)
FN:102,(anonymous_13)
FN:113,(anonymous_14)
FN:123,(anonymous_15)
FN:129,(anonymous_16)
FN:148,(anonymous_17)
FN:153,(anonymous_18)
FN:159,(anonymous_19)
FN:162,(anonymous_20)
FN:165,(anonymous_21)
FN:179,(anonymous_22)
FN:229,(anonymous_23)
FN:234,(anonymous_24)
FNF:25
FNH:0
FNDA:0,(anonymous_0)
FNDA:0,(anonymous_1)
FNDA:0,(anonymous_2)
FNDA:0,(anonymous_3)
FNDA:0,(anonymous_4)
FNDA:0,(anonymous_5)
FNDA:0,(anonymous_6)
FNDA:0,(anonymous_7)
FNDA:0,(anonymous_8)
FNDA:0,(anonymous_9)
FNDA:0,(anonymous_10)
FNDA:0,(anonymous_11)
FNDA:0,(anonymous_12)
FNDA:0,(anonymous_13)
FNDA:0,(anonymous_14)
FNDA:0,(anonymous_15)
FNDA:0,(anonymous_16)
FNDA:0,(anonymous_17)
FNDA:0,(anonymous_18)
FNDA:0,(anonymous_19)
FNDA:0,(anonymous_20)
FNDA:0,(anonymous_21)
FNDA:0,(anonymous_22)
FNDA:0,(anonymous_23)
FNDA:0,(anonymous_24)
DA:12,0
DA:13,0
DA:14,0
DA:21,0
DA:22,0
DA:23,0
DA:24,0
DA:25,0
DA:26,0
DA:27,0
DA:29,0
DA:42,0
DA:43,0
DA:44,0
DA:49,0
DA:50,0
DA:52,0
DA:59,0
DA:60,0
DA:61,0
DA:62,0
DA:63,0
DA:64,0
DA:65,0
DA:67,0
DA:80,0
DA:81,0
DA:82,0
DA:87,0
DA:88,0
DA:89,0
DA:91,0
DA:96,0
DA:97,0
DA:101,0
DA:102,0
DA:103,0
DA:104,0
DA:105,0
DA:108,0
DA:110,0
DA:114,0
DA:115,0
DA:116,0
DA:118,0
DA:120,0
DA:124,0
DA:125,0
DA:126,0
DA:128,0
DA:129,0
DA:130,0
DA:131,0
DA:132,0
DA:133,0
DA:134,0
DA:136,0
DA:141,0
DA:149,0
DA:150,0
DA:151,0
DA:152,0
DA:153,0
DA:154,0
DA:159,0
DA:160,0
DA:162,0
DA:163,0
DA:165,0
DA:166,0
DA:167,0
DA:170,0
DA:173,0
DA:175,0
DA:176,0
DA:179,0
DA:180,0
DA:181,0
DA:182,0
DA:192,0
DA:203,0
DA:204,0
DA:205,0
DA:216,0
DA:230,0
DA:231,0
DA:234,0
DA:245,0
LF:88
LH:0
BRDA:88,0,0,0
BRDA:88,0,1,0
BRDA:104,1,0,0
BRDA:104,1,1,0
BRDA:110,2,0,0
BRDA:110,2,1,0
BRDA:124,3,0,0
BRDA:124,3,1,0
BRDA:130,4,0,0
BRDA:130,4,1,0
BRDA:166,5,0,0
BRDA:166,5,1,0
BRDA:175,6,0,0
BRDA:175,6,1,0
BRDA:180,7,0,0
BRDA:180,7,1,0
BRDA:180,8,0,0
BRDA:180,8,1,0
BRDA:181,9,0,0
BRDA:181,9,1,0
BRDA:187,10,0,0
BRDA:187,10,1,0
BRDA:195,11,0,0
BRDA:195,11,1,0
BRDA:203,12,0,0
BRDA:203,12,1,0
BRDA:204,13,0,0
BRDA:204,13,1,0
BRDA:208,14,0,0
BRDA:208,14,1,0
BRDA:220,15,0,0
BRDA:220,15,1,0
BRDA:230,16,0,0
BRDA:230,16,1,0
BRDA:237,17,0,0
BRDA:237,17,1,0
BRF:36
BRH:0
end_of_record
TN:
SF:/home/andrew/workspace/F1ian/client/helpers/retiredDrivers.js
FN:1,findRetiredDrivers
FN:5,(anonymous_1)
FN:10,(anonymous_2)
FN:15,(anonymous_3)
FN:22,(anonymous_4)
FN:28,addRetiredLaps
FN:30,(anonymous_6)
FN:32,(anonymous_7)
FN:40,(anonymous_8)
FN:46,(anonymous_9)
FN:51,driverDoesNotRetire
FN:52,(anonymous_11)
FN:58,hasDriverRetiredYet
FN:60,(anonymous_13)
FNF:14
FNH:0
FNDA:0,findRetiredDrivers
FNDA:0,(anonymous_1)
FNDA:0,(anonymous_2)
FNDA:0,(anonymous_3)
FNDA:0,(anonymous_4)
FNDA:0,addRetiredLaps
FNDA:0,(anonymous_6)
FNDA:0,(anonymous_7)
FNDA:0,(anonymous_8)
FNDA:0,(anonymous_9)
FNDA:0,driverDoesNotRetire
FNDA:0,(anonymous_11)
FNDA:0,hasDriverRetiredYet
FNDA:0,(anonymous_13)
DA:2,0
DA:5,0
DA:6,0
DA:10,0
DA:11,0
DA:15,0
DA:16,0
DA:17,0
DA:21,0
DA:22,0
DA:23,0
DA:25,0
DA:30,0
DA:31,0
DA:33,0
DA:34,0
DA:39,0
DA:40,0
DA:41,0
DA:42,0
DA:46,0
DA:47,0
DA:52,0
DA:53,0
DA:55,0
DA:60,0
DA:61,0
DA:65,0
LF:28
LH:0
BRDA:16,0,0,0
BRDA:16,0,1,0
BRDA:33,1,0,0
BRDA:33,1,1,0
BRDA:41,2,0,0
BRDA:41,2,1,0
BRDA:55,3,0,0
BRDA:55,3,1,0
BRF:8
BRH:0
end_of_record
TN:
SF:/home/andrew/workspace/F1ian/client/helpers/visualisation.js
FN:1,getAllDriversInRace
FN:3,(anonymous_1)
FN:11,calcWidth
FNF:3
FNH:0
FNDA:0,getAllDriversInRace
FNDA:0,(anonymous_1)
FNDA:0,calcWidth
DA:2,0
DA:3,0
DA:4,0
DA:5,0
DA:8,0
DA:12,0
DA:13,0
DA:14,0
DA:16,0
LF:9
LH:0
BRDA:4,0,0,0
BRDA:4,0,1,0
BRDA:13,1,0,0
BRDA:13,1,1,0
BRF:4
BRH:0
end_of_record
TN:
SF:/home/andrew/workspace/F1ian/tests/setupTests.js
FNF:0
FNH:0
DA:4,5
LF:1
LH:1
BRF:0
BRH:0
end_of_record
